8/3/2008 2:37:44 PM ==>  Form : Login.aspx,Method  btnLogin_Click,  Userid :  eschool
8/3/2008 2:38:15 PM ==> Form : StudentRegStatus.aspx,Method: Page_Load. User_ID : eschool
8/3/2008 2:38:15 PM ==> Form : Student_Admission.aspx,Method: Page_Load. User_ID : eschool
8/3/2008 2:38:16 PM ==> Form: Student_Admission.aspx.cs, Method: Page_Load. User: eschool
8/3/2008 3:03:01 PM ==> Form : Student_Admission.aspx,Method: Page_Load. User_ID : eschool
8/3/2008 3:03:01 PM ==> Form: Student_Admission.aspx.cs, Method: Page_Load. User: eschool
8/3/2008 3:03:05 PM ==> Form : Student_Admission.aspx,Method: Page_Load. User_ID : eschool
8/3/2008 3:03:05 PM ==> Form: Student_Admission.aspx.cs, Method: Page_Load. User: eschool
8/3/2008 3:03:05 PM ==> Form : Student_Admission.aspx,Method: Page_Load. User_ID : eschool
8/3/2008 3:03:05 PM ==> Form: Student_Admission.aspx.cs, Method: Page_Load. User: eschool
8/3/2008 3:03:05 PM ==> Form : Student_Admission.aspx,Method: Page_Load. User_ID : eschool
8/3/2008 3:03:05 PM ==> Form: Student_Admission.aspx.cs, Method: Page_Load. User: eschool
8/3/2008 3:03:05 PM ==> Form : Student_Admission.aspx,Method: Page_Load. User_ID : eschool
8/3/2008 3:03:05 PM ==> Form: Student_Admission.aspx.cs, Method: Page_Load. User: eschool
8/3/2008 3:03:05 PM ==> Form : Student_Admission.aspx,Method: Page_Load. User_ID : eschool
8/3/2008 3:03:05 PM ==> Form: Student_Admission.aspx.cs, Method: Page_Load. User: eschool
8/3/2008 3:03:05 PM ==> Form : Student_Admission.aspx,Method: Page_Load. User_ID : eschool
8/3/2008 3:03:05 PM ==> Form: Student_Admission.aspx.cs, Method: Page_Load. User: eschool
8/3/2008 3:03:05 PM ==> Form : Student_Admission.aspx,Method: Page_Load. User_ID : eschool
8/3/2008 3:03:05 PM ==> Form: Student_Admission.aspx.cs, Method: Page_Load. User: eschool
8/3/2008 3:03:05 PM ==> Form : Student_Admission.aspx,Method: Page_Load. User_ID : eschool
8/3/2008 3:03:05 PM ==> Form: Student_Admission.aspx.cs, Method: Page_Load. User: eschool
8/3/2008 3:03:05 PM ==> Form : Student_Admission.aspx,Method: Page_Load. User_ID : eschool
8/3/2008 3:03:05 PM ==> Form: Student_Admission.aspx.cs, Method: Page_Load. User: eschool
8/3/2008 3:03:05 PM ==> Form : Student_Admission.aspx,Method: Page_Load. User_ID : eschool
8/3/2008 3:03:05 PM ==> Form: Student_Admission.aspx.cs, Method: Page_Load. User: eschool
8/3/2008 3:03:05 PM ==> Form : Student_Admission.aspx,Method: Page_Load. User_ID : eschool
8/3/2008 3:03:05 PM ==> Form: Student_Admission.aspx.cs, Method: Page_Load. User: eschool
8/3/2008 3:03:05 PM ==> Form : Student_Admission.aspx,Method: Page_Load. User_ID : eschool
8/3/2008 3:03:05 PM ==> Form: Student_Admission.aspx.cs, Method: Page_Load. User: eschool
8/3/2008 3:03:05 PM ==> Form : Student_Admission.aspx,Method: Page_Load. User_ID : eschool
8/3/2008 3:03:06 PM ==> Form: Student_Admission.aspx.cs, Method: Page_Load. User: eschool
8/3/2008 3:03:06 PM ==> Form : Student_Admission.aspx,Method: Page_Load. User_ID : eschool
8/3/2008 3:03:06 PM ==> Form: Student_Admission.aspx.cs, Method: Page_Load. User: eschool
8/3/2008 3:04:03 PM ==>  Form : Login.aspx,Method  btnLogin_Click,  Userid :  eschool
8/3/2008 3:04:23 PM ==> Form : Contact_Details.aspx,Method: Page_Load. User_ID : Mahesh  
8/3/2008 3:06:11 PM ==>  Form : Login.aspx,Method  btnLogin_Click,  Userid :  eschool
