7/31/2008 2:56:14 PM ==>  Form : Recuring_FeesReceipt.aspx.cs, Method: Page_load, User: eschool
7/31/2008 2:56:14 PM ==>  Form : RecuringFeesReceipt.aspx,Method  PageLoad, Userid :  eschool
7/31/2008 2:56:26 PM ==>  Form : Recuring_FeesReceipt.aspx.cs, Method: Page_load, User: eschool
7/31/2008 2:56:26 PM ==>  Form : RecuringFeesReceipt.aspx,Method  PageLoad, Userid :  eschool
7/31/2008 2:56:34 PM ==>  Form : Recuring_FeesReceipt.aspx.cs, Method: Page_load, User: eschool
7/31/2008 2:56:34 PM ==>  Form : RecuringFeesReceipt.aspx,Method  PageLoad, Userid :  eschool
7/31/2008 2:56:37 PM ==>  Form : Recuring_FeesReceipt.aspx.cs, Method: Page_load, User: eschool
7/31/2008 2:56:37 PM ==>  Form : RecuringFeesReceipt.aspx,Method  PageLoad, Userid :  eschool
7/31/2008 2:56:40 PM ==>  Form : Recuring_FeesReceipt.aspx.cs, Method: Page_load, User: eschool
7/31/2008 2:56:40 PM ==>  Form : RecuringFeesReceipt.aspx,Method  PageLoad, Userid :  eschool
7/31/2008 2:56:46 PM ==>  Form : Recuring_FeesReceipt.aspx.cs, Method: Page_load, User: eschool
7/31/2008 2:56:46 PM ==>  Form : RecuringFeesReceipt.aspx,Method  PageLoad, Userid :  eschool
7/31/2008 2:56:58 PM ==>  Form : Recuring_FeesReceipt.aspx.cs, Method: Page_load, User: eschool
7/31/2008 2:56:58 PM ==>  Form : RecuringFeesReceipt.aspx,Method  PageLoad, Userid :  eschool
7/31/2008 2:57:01 PM ==>  Form : Recuring_FeesReceipt.aspx.cs, Method: Page_load, User: eschool
7/31/2008 2:57:01 PM ==>  Form : RecuringFeesReceipt.aspx,Method  PageLoad, Userid :  eschool
7/31/2008 2:57:06 PM ==>  Form : Recuring_FeesReceipt.aspx.cs, Method: Page_load, User: eschool
7/31/2008 2:57:06 PM ==>  Form : RecuringFeesReceipt.aspx,Method  PageLoad, Userid :  eschool
7/31/2008 2:57:16 PM ==>  Form : Recuring_FeesReceipt.aspx.cs, Method: Page_load, User: eschool
7/31/2008 2:57:16 PM ==>  Form : RecuringFeesReceipt.aspx,Method  PageLoad, Userid :  eschool
7/31/2008 2:57:17 PM ==>  Form : RecuringFeesReceipt.aspx,Method  btnSave_Click,  Record save for studentID :1, Userid :  eschool
7/31/2008 2:57:17 PM ==>  Form : RecuringFeesReceipt.aspx,Method  btnSave_Click, Userid :  eschool
7/31/2008 2:57:22 PM ==>  Form : Recuring_FeesReceipt.aspx.cs, Method: Page_load, User: eschool
7/31/2008 2:57:22 PM ==>  Form : RecuringFeesReceipt.aspx,Method  PageLoad, Userid :  eschool
7/31/2008 2:57:32 PM ==>  Form : Recuring_FeesReceipt.aspx.cs, Method: Page_load, User: eschool
7/31/2008 2:57:33 PM ==>  Form : RecuringFeesReceipt.aspx,Method  PageLoad, Userid :  eschool
7/31/2008 2:57:33 PM ==>  Form : RecuringFeesReceipt.aspx,Method  btnSave_Click,  Record save for studentID :2, Userid :  eschool
7/31/2008 2:57:33 PM ==>  Form : RecuringFeesReceipt.aspx,Method  btnSave_Click, Userid :  eschool
7/31/2008 2:57:39 PM ==>  Form : Recuring_FeesReceipt.aspx.cs, Method: Page_load, User: eschool
7/31/2008 2:57:39 PM ==>  Form : RecuringFeesReceipt.aspx,Method  PageLoad, Userid :  eschool
7/31/2008 2:57:47 PM ==>  Form : Recuring_FeesReceipt.aspx.cs, Method: Page_load, User: eschool
7/31/2008 2:57:47 PM ==>  Form : RecuringFeesReceipt.aspx,Method  PageLoad, Userid :  eschool
7/31/2008 2:57:47 PM ==>  Form : RecuringFeesReceipt.aspx,Method  btnSave_Click,  Record save for studentID :3, Userid :  eschool
7/31/2008 2:57:47 PM ==>  Form : RecuringFeesReceipt.aspx,Method  btnSave_Click, Userid :  eschool
7/31/2008 2:57:51 PM ==>  Form : Recuring_FeesReceipt.aspx.cs, Method: Page_load, User: eschool
7/31/2008 2:57:52 PM ==>  Form : RecuringFeesReceipt.aspx,Method  PageLoad, Userid :  eschool
7/31/2008 2:57:59 PM ==>  Form : Recuring_FeesReceipt.aspx.cs, Method: Page_load, User: eschool
7/31/2008 2:57:59 PM ==>  Form : RecuringFeesReceipt.aspx,Method  PageLoad, Userid :  eschool
7/31/2008 2:57:59 PM ==>  Form : RecuringFeesReceipt.aspx,Method  btnSave_Click,  Record save for studentID :4, Userid :  eschool
7/31/2008 2:58:00 PM ==>  Form : RecuringFeesReceipt.aspx,Method  btnSave_Click, Userid :  eschool
7/31/2008 2:58:05 PM ==>  Form : Recuring_FeesReceipt.aspx.cs, Method: Page_load, User: eschool
7/31/2008 2:58:05 PM ==>  Form : RecuringFeesReceipt.aspx,Method  PageLoad, Userid :  eschool
7/31/2008 2:58:13 PM ==>  Form : Recuring_FeesReceipt.aspx.cs, Method: Page_load, User: eschool
7/31/2008 2:58:13 PM ==>  Form : RecuringFeesReceipt.aspx,Method  PageLoad, Userid :  eschool
7/31/2008 2:58:13 PM ==>  Form : RecuringFeesReceipt.aspx,Method  btnSave_Click,  Record save for studentID :8, Userid :  eschool
7/31/2008 2:58:13 PM ==>  Form : RecuringFeesReceipt.aspx,Method  btnSave_Click, Userid :  eschool
7/31/2008 2:58:18 PM ==>  Form : Recuring_FeesReceipt.aspx.cs, Method: Page_load, User: eschool
7/31/2008 2:58:18 PM ==>  Form : RecuringFeesReceipt.aspx,Method  PageLoad, Userid :  eschool
7/31/2008 2:58:27 PM ==>  Form : Recuring_FeesReceipt.aspx.cs, Method: Page_load, User: eschool
7/31/2008 2:58:27 PM ==>  Form : RecuringFeesReceipt.aspx,Method  PageLoad, Userid :  eschool
7/31/2008 2:58:27 PM ==>  Form : RecuringFeesReceipt.aspx,Method  btnSave_Click,  Record save for studentID :7, Userid :  eschool
7/31/2008 2:58:27 PM ==>  Form : RecuringFeesReceipt.aspx,Method  btnSave_Click, Userid :  eschool
7/31/2008 3:00:21 PM ==>  Form :FeesSearch.aspx,Method  BtnPrint_Click, ExceptionNo connection could be made because the target machine actively refused it,  Reconcilation Report Printed, Userid :  eschool
7/31/2008 3:00:25 PM ==> Form:AdvanceFeesReport.aspx,Method: btnExcel_Click, Advance Fees Report Convert Into Excel Format ,  userid  eschool
7/31/2008 3:01:29 PM ==>  Form :SecurityReport.aspx,Method  Print(),  Exception: No connection could be made because the target machine actively refused it , Userid :  eschool
7/31/2008 3:01:29 PM ==>  Form :SecurityReport.aspx,Method  Button1_Click, SecurityFeesReport View , Userid :  eschool
7/31/2008 3:01:32 PM ==>  Form :SecurityReport.aspx,Method  Print(),  Exception: No connection could be made because the target machine actively refused it , Userid :  eschool
7/31/2008 3:01:32 PM ==>  Form :SecurityReport.aspx,Method  Button1_Click, SecurityFeesReport View , Userid :  eschool
7/31/2008 3:01:32 PM ==> Form:SecurityReport.aspx,Method: btnExcel_Click, Security Fees Report Convert Into Excel Format ,  userid  eschool
7/31/2008 3:05:34 PM ==>  Form :BankReport.aspx,Method  Print(),  Exception: No connection could be made because the target machine actively refused it , Userid :  eschool
7/31/2008 3:05:37 PM ==> Form:BankReport.aspx,Method: btnExcel_Click, Bank Report Convert Into Excel Format ,  userid  eschool
7/31/2008 3:06:13 PM ==>  Form : TradingAccount.aspx, Method : page_load userid  Mahesh  
7/31/2008 3:06:20 PM ==>  Form : TradingAccount.aspx, Method : page_load userid  Mahesh  
7/31/2008 3:06:22 PM ==>  Form : TradingAccount.aspx, Method : page_load userid  Mahesh  
7/31/2008 3:06:23 PM ==> Form:TradingAccount.aspx,Method:print EXCEPTION No connection could be made because the target machine actively refused it  userid  Mahesh  
7/31/2008 3:06:25 PM ==>  Form : TradingAccount.aspx, Method : page_load userid  Mahesh  
7/31/2008 3:06:25 PM ==> Form:TradingAccount.aspx,Class:PetrolPumpClass.cs,Method:btnExcel_Click    TradingAccount Report Convert Into Excel Format, userid  Mahesh  
7/31/2008 3:07:19 PM ==>  Form : Doctor_Report.aspx.cs, Method : Page_Load. User: eschool
7/31/2008 3:07:22 PM ==>  Form : Doctor_Report.aspx.cs, Method : Page_Load. User: eschool
7/31/2008 3:07:24 PM ==>  Form : Doctor_Report.aspx.cs, Method : Page_Load. User: eschool
7/31/2008 3:07:25 PM ==>  Form :FeesDecisionReport.aspx,Method  BtnPrint_Click, ExceptionNo connection could be made because the target machine actively refused it,  Fees Decision Report Printed, Userid :  eschool
7/31/2008 3:07:27 PM ==>  Form : Doctor_Report.aspx.cs, Method : Page_Load. User: eschool
7/31/2008 3:07:27 PM ==> Form:AdvanceFeesReport.aspx,Method: btnExcel_Click, Advance Fees Report Convert Into Excel Format ,  userid  eschool
7/31/2008 3:07:50 PM ==>  Form : StudentCheckup_Report.aspx.cs, Method : Page_Load. User: eschool
7/31/2008 3:07:52 PM ==>  Form : StudentCheckup_Report.aspx.cs, Method : Page_Load. User: eschool
7/31/2008 3:07:52 PM ==>  Form :studentrpt.aspx ,Method : Serch_ServerClicka,Report viewed for StudentID:All , Userid :  eschool
7/31/2008 3:07:55 PM ==>  Form : StudentCheckup_Report.aspx.cs, Method : Page_Load. User: eschool
7/31/2008 3:07:55 PM ==>  Form : studentrpt.aspx,Method  BtnExcel_Click,Student Health Report View , Userid :  eschool
7/31/2008 3:07:55 PM ==> Form:AdvanceFeesReport.aspx,Method: btnExcel_Click, Advance Fees Report Convert Into Excel Format ,  userid  eschool
7/31/2008 3:07:58 PM ==>  Form : StudentCheckup_Report.aspx.cs, Method : Page_Load. User: eschool
7/31/2008 3:07:59 PM ==>  Form : studentrpt.aspx,Method  Button1_Click,  Exception: No connection could be made because the target machine actively refused it , Userid :  eschool
7/31/2008 3:07:59 PM ==>  Form : studentrpt.aspx,Method  Button1_Click,Student Health Report View , Userid :  eschool
7/31/2008 3:08:26 PM ==>  Form : BookInformation_Report.aspx.cs, Method : Page_Load. User: eschool
7/31/2008 3:08:26 PM ==> Form : BooksInformationReprot.aspx,Method  Page_Load,  Books Information Report Viewed,  Userid:  eschool
7/31/2008 3:08:29 PM ==>  Form : BookInformation_Report.aspx.cs, Method : Page_Load. User: eschool
7/31/2008 3:08:35 PM ==>  Form : BookInformation_Report.aspx.cs, Method : Page_Load. User: eschool
7/31/2008 3:08:35 PM ==> Form : BooksInformationReprot.aspx,Method  Page_Load,  Books Information Report Viewed,  Userid:  eschool
7/31/2008 3:08:42 PM ==>  Form : BookInformation_Report.aspx.cs, Method : Page_Load. User: eschool
7/31/2008 3:08:43 PM ==>  Form :BookInformationReport.aspx,Method  Print,  Exception: No connection could be made because the target machine actively refused it , Userid :  eschool
7/31/2008 3:08:43 PM ==>  Form :BookInformationReport.aspx,Method  btnPrint_ServerClick,  Book Information Report Printed , Userid :  eschool
7/31/2008 3:08:51 PM ==>  Form : BookInformation_Report.aspx.cs, Method : Page_Load. User: eschool
7/31/2008 3:08:51 PM ==> Form:AdvanceFeesReport.aspx,Method: btnExcel_Click, Advance Fees Report Convert Into Excel Format ,  userid  eschool
7/31/2008 3:10:20 PM ==> Form : IssueBookReport.aspx,Method : Search_ServerClick, Report Shown for  BookIDAll,    Userid:  eschool
7/31/2008 3:10:24 PM ==>  Form :IssueBookReport.aspx,Method  Button1_ServerClick,  Exception: No connection could be made because the target machine actively refused it , Userid :  eschool
7/31/2008 3:10:26 PM ==> Form:AdvanceFeesReport.aspx,Method: btnExcel_Click, Advance Fees Report Convert Into Excel Format ,  userid  eschool
7/31/2008 3:11:38 PM ==>  Form :Rout_search.aspx,Method  BtnPrint_Click, Exception:No connection could be made because the target machine actively refused it Route SEarch report Printed, Userid :  eschool
7/31/2008 3:11:40 PM ==> Form:AdvanceFeesReport.aspx,Method: btnExcel_Click, Advance Fees Report Convert Into Excel Format ,  userid  eschool
7/31/2008 3:12:08 PM ==>  Form :meetingrpt.aspx,Method  Search_ServerClick, PTA Meeting Report viewed for date:31/7/2008, Userid :  eschool
7/31/2008 3:12:13 PM ==>  Form :meetingrpt.aspx,Method  Search_ServerClick, PTA Meeting Report viewed for date:01/04/2008, Userid :  eschool
7/31/2008 3:12:16 PM ==>  Form :meetingrpt.aspx,Method  MakingReport,  Exception: Index (zero based) must be greater than or equal to zero and less than the size of the argument list. , Userid :  eschool
7/31/2008 3:12:16 PM ==> Form:AdvanceFeesReport.aspx,Method: btnExcel_Click, Advance Fees Report Convert Into Excel Format ,  userid  eschool
7/31/2008 3:12:20 PM ==>  Form :meetingrpt.aspx,Method  ButtonPrint_Click,  Exception: No connection could be made because the target machine actively refused it , Userid :  eschool
7/31/2008 3:13:59 PM ==>  Form :Payslip.aspx,Method  Button1_ServerClick,  Exception: No connection could be made because the target machine actively refused it , Userid :  eschool
7/31/2008 3:13:59 PM ==>  Form :Payslip.aspx,Method  Button1_Click, Employee Payslip Information View , Userid :  eschool
7/31/2008 3:14:01 PM ==>  Form :Payslip.aspx,Method  Button1_Click, Employee Payslip Information View , Userid :  eschool
7/31/2008 3:14:01 PM ==> Form:AdvanceFeesReport.aspx,Method: btnExcel_Click, Advance Fees Report Convert Into Excel Format ,  userid  eschool
7/31/2008 3:14:36 PM ==>  Form :FacultyInfo.aspx,Method  btnPrint1_Click,  Exception: No connection could be made because the target machine actively refused it , Userid :  eschool
7/31/2008 3:14:38 PM ==> Form:AdvanceFeesReport.aspx,Method: btnExcel_Click, Advance Fees Report Convert Into Excel Format ,  userid  eschool
7/31/2008 3:16:04 PM ==>  Form : CategoryRankWise.aspx,Method  Print,  Exception: No connection could be made because the target machine actively refused it , Userid :  eschool
7/31/2008 3:16:04 PM ==>  Form : CategoryRankWise.aspx,Method  Button1_Click, Student Parent Information View , Userid :  eschool
7/31/2008 3:16:09 PM ==>  Form : CategoryRankWise.aspx,Method  Print,  Exception: No connection could be made because the target machine actively refused it , Userid :  eschool
7/31/2008 3:16:09 PM ==>  Form : CategoryRankWise.aspx,Method  Button1_Click, Student Parent Information View , Userid :  eschool
7/31/2008 3:16:09 PM ==> Form:AdvanceFeesReport.aspx,Method: btnExcel_Click, Advance Fees Report Convert Into Excel Format ,  userid  eschool
