8/4/2008 3:58:29 PM ==>  Form : Login.aspx,Method  btnLogin_Click,  Userid :  eschool
8/4/2008 4:00:07 PM ==> Form : Student_Admission.aspx,Method: Page_Load. User_ID : eschool
8/4/2008 4:00:08 PM ==> Form: Student_Admission.aspx.cs, Method: Page_Load. User: eschool
8/4/2008 4:14:52 PM ==> Form : Student_Admission.aspx,Method: Page_Load. User_ID : eschool
8/4/2008 4:14:52 PM ==> Form: Student_Admission.aspx.cs, Method: Page_Load. User: eschool
8/4/2008 4:15:03 PM ==> Form : Student_Admission.aspx,Method: Page_Load. User_ID : eschool
8/4/2008 4:15:03 PM ==> Form: Student_Admission.aspx.cs, Method: Page_Load. User: eschool
8/4/2008 4:28:21 PM ==>  Form : Login.aspx,Method  btnLogin_Click,  Userid :  eschool
8/4/2008 4:29:13 PM ==> Form : Student_Admission.aspx,Method: Page_Load. User_ID : eschool
8/4/2008 4:29:13 PM ==> Form: Student_Admission.aspx.cs, Method: Page_Load. User: eschool
8/4/2008 4:29:20 PM ==> Form : Student_Admission.aspx,Method: Page_Load. User_ID : eschool
8/4/2008 4:29:20 PM ==> Form: Student_Admission.aspx.cs, Method: Page_Load. User: eschool
8/4/2008 4:29:25 PM ==> Form : Student_Admission.aspx,Method: Page_Load. User_ID : eschool
8/4/2008 4:29:25 PM ==> Form: Student_Admission.aspx.cs, Method: Page_Load. User: eschool
8/4/2008 5:01:17 PM ==>  Form : Login.aspx,Method  btnLogin_Click,  Userid :  eschool
8/4/2008 5:01:36 PM ==> Form : Student_Registarion.aspx.cs, Method: Page_Load.  User: eschool
8/4/2008 5:01:36 PM ==> Form: StudentRegistration.aspx.cs, Method: Page_Load.  User: eschool
8/4/2008 5:02:49 PM ==> Form : Student_Registarion.aspx.cs, Method: Page_Load.  User: eschool
8/4/2008 5:02:49 PM ==> Form: StudentRegistration.aspx.cs, Method: Page_Load.  User: eschool
8/4/2008 5:02:49 PM ==> Form: StudentRegistration.aspx.cs, Method: btnSave_Click.  User: eschool
8/4/2008 5:02:58 PM ==> Form : Student_Registarion.aspx.cs, Method: Page_Load.  User: eschool
8/4/2008 5:02:58 PM ==> Form: StudentRegistration.aspx.cs, Method: Page_Load.  User: eschool
8/4/2008 5:02:59 PM ==> Form: StudentRegistration.aspx.cs, Method: btnSave_Click. New Student Deepak Tiwari with ID Nursery-11 saved. User: eschool
8/4/2008 5:02:59 PM ==> Form: StudentRegistration.aspx.cs, Method: btnSave_Click.  User: eschool
8/4/2008 5:03:33 PM ==> Form : StudentRegStatus.aspx,Method: Page_Load. User_ID : eschool
8/4/2008 5:03:37 PM ==> Form : StudentRegStatus.aspx,Method: Page_Load. User_ID : eschool
8/4/2008 5:03:41 PM ==> Form : Student_Admission.aspx,Method: Page_Load. User_ID : eschool
8/4/2008 5:03:41 PM ==> Form: Student_Admission.aspx.cs, Method: Page_Load. User: eschool
8/4/2008 5:03:46 PM ==> Form : Student_Admission.aspx,Method: Page_Load. User_ID : eschool
8/4/2008 5:03:46 PM ==> Form: Student_Admission.aspx.cs, Method: Page_Load. User: eschool
8/4/2008 5:04:39 PM ==> Form : Student_Admission.aspx,Method: Page_Load. User_ID : eschool
8/4/2008 5:04:39 PM ==> Form: Student_Admission.aspx.cs, Method: Page_Load. User: eschool
8/4/2008 5:08:03 PM ==> Form: StudentRegistration.aspx.cs, Method: btnSave_Click. New Student Deepak Tiwari with ID A-10 saved. User: eschool
8/4/2008 5:08:03 PM ==> Form: Student_Admission.aspx.cs, Method: btnSave_Click.  User: eschool
8/4/2008 5:24:08 PM ==>  Form : Login.aspx,Method  btnLogin_Click,  Userid :  eschool
8/4/2008 5:24:17 PM ==> Form : Student_Admission.aspx,Method: Page_Load. User_ID : eschool
8/4/2008 5:24:17 PM ==> Form: Student_Admission.aspx.cs, Method: Page_Load. User: eschool
8/4/2008 5:24:24 PM ==> Form : StudentRegStatus.aspx,Method: Page_Load. User_ID : eschool
8/4/2008 5:24:27 PM ==> Form : StudentRegStatus.aspx,Method: Page_Load. User_ID : eschool
8/4/2008 5:24:34 PM ==> Form : Student_Admission.aspx,Method: Page_Load. User_ID : eschool
8/4/2008 5:24:34 PM ==> Form: Student_Admission.aspx.cs, Method: Page_Load. User: eschool
8/4/2008 5:24:39 PM ==> Form : Student_Admission.aspx,Method: Page_Load. User_ID : eschool
8/4/2008 5:24:39 PM ==> Form: Student_Admission.aspx.cs, Method: Page_Load. User: eschool
8/4/2008 5:27:38 PM ==>  Form : Login.aspx,Method  btnLogin_Click,  Userid :  eschool
8/4/2008 5:28:14 PM ==> Form : Student_Admission.aspx,Method: Page_Load. User_ID : eschool
8/4/2008 5:28:14 PM ==> Form: Student_Admission.aspx.cs, Method: Page_Load. User: eschool
8/4/2008 5:28:17 PM ==> Form : Student_Admission.aspx,Method: Page_Load. User_ID : eschool
8/4/2008 5:28:17 PM ==> Form: Student_Admission.aspx.cs, Method: Page_Load. User: eschool
8/4/2008 5:28:36 PM ==> Form : Student_Admission.aspx,Method: Page_Load. User_ID : eschool
8/4/2008 5:28:36 PM ==> Form: Student_Admission.aspx.cs, Method: Page_Load. User: eschool
8/4/2008 5:35:45 PM ==> Form: Student_Admission.aspx.cs, Method: btnSave_Click. Exception: Index and length must refer to a location within the string.
Parameter name: length User: eschool
8/4/2008 5:36:13 PM ==>  Form : Login.aspx,Method  btnLogin_Click,  Userid :  eschool
8/4/2008 5:36:41 PM ==> Form : Student_Admission.aspx,Method: Page_Load. User_ID : eschool
8/4/2008 5:36:41 PM ==> Form: Student_Admission.aspx.cs, Method: Page_Load. User: eschool
8/4/2008 5:36:44 PM ==> Form : Student_Admission.aspx,Method: Page_Load. User_ID : eschool
8/4/2008 5:36:44 PM ==> Form: Student_Admission.aspx.cs, Method: Page_Load. User: eschool
8/4/2008 5:36:56 PM ==> Form : Student_Admission.aspx,Method: Page_Load. User_ID : eschool
8/4/2008 5:36:56 PM ==> Form: Student_Admission.aspx.cs, Method: Page_Load. User: eschool
8/4/2008 5:37:12 PM ==> Form: Student_Admission.aspx.cs, Method: btnSave_Click. Exception: Violation of PRIMARY KEY constraint 'PK_Student_Admission'. Cannot insert duplicate key in object 'dbo.student_admission'.
The statement has been terminated. User: eschool
8/4/2008 5:42:25 PM ==>  Form : Login.aspx,Method  btnLogin_Click,  Userid :  eschool
8/4/2008 5:42:33 PM ==> Form : Student_Admission.aspx,Method: Page_Load. User_ID : eschool
8/4/2008 5:42:33 PM ==> Form: Student_Admission.aspx.cs, Method: Page_Load. User: eschool
8/4/2008 5:43:37 PM ==> Form : Student_Admission.aspx,Method: Page_Load. User_ID : eschool
8/4/2008 5:43:37 PM ==> Form: Student_Admission.aspx.cs, Method: Page_Load. User: eschool
8/4/2008 5:43:51 PM ==> Form : Student_Admission.aspx,Method: Page_Load. User_ID : eschool
8/4/2008 5:43:51 PM ==> Form: Student_Admission.aspx.cs, Method: Page_Load. User: eschool
8/4/2008 5:44:06 PM ==> Form: Student_Admission.aspx.cs, Method: btnSave_Click. Exception: Violation of PRIMARY KEY constraint 'PK_Student_Admission'. Cannot insert duplicate key in object 'dbo.student_admission'.
The statement has been terminated. User: eschool
8/4/2008 6:00:43 PM ==>  Form : Login.aspx,Method  btnLogin_Click,  Userid :  eschool
8/4/2008 6:00:50 PM ==> Form : Student_Admission.aspx,Method: Page_Load. User_ID : eschool
8/4/2008 6:00:50 PM ==> Form: Student_Admission.aspx.cs, Method: Page_Load. User: eschool
8/4/2008 6:01:39 PM ==> Form : Student_Admission.aspx,Method: Page_Load. User_ID : eschool
8/4/2008 6:01:39 PM ==> Form: Student_Admission.aspx.cs, Method: Page_Load. User: eschool
8/4/2008 6:01:42 PM ==> Form : Student_Admission.aspx,Method: Page_Load. User_ID : eschool
8/4/2008 6:01:42 PM ==> Form: Student_Admission.aspx.cs, Method: Page_Load. User: eschool
8/4/2008 6:01:52 PM ==> Form : Student_Admission.aspx,Method: Page_Load. User_ID : eschool
8/4/2008 6:01:52 PM ==> Form: Student_Admission.aspx.cs, Method: Page_Load. User: eschool
8/4/2008 6:03:05 PM ==> Form: Student_Admission.aspx.cs, Method: btnSave_Click. Exception: Violation of PRIMARY KEY constraint 'PK_Student_Admission'. Cannot insert duplicate key in object 'dbo.student_admission'.
The statement has been terminated. User: eschool
8/4/2008 6:05:24 PM ==> Form : Student_Admission.aspx,Method: Page_Load. User_ID : eschool
8/4/2008 6:05:24 PM ==> Form: Student_Admission.aspx.cs, Method: Page_Load. User: eschool
8/4/2008 6:05:26 PM ==> Form : Student_Admission.aspx,Method: Page_Load. User_ID : eschool
8/4/2008 6:05:26 PM ==> Form: Student_Admission.aspx.cs, Method: Page_Load. User: eschool
8/4/2008 6:05:40 PM ==> Form : Student_Admission.aspx,Method: Page_Load. User_ID : eschool
8/4/2008 6:05:40 PM ==> Form: Student_Admission.aspx.cs, Method: Page_Load. User: eschool
8/4/2008 6:06:29 PM ==> Form: StudentRegistration.aspx.cs, Method: btnSave_Click. New Student Deepak Tiwari with ID A-10 saved. User: eschool
8/4/2008 6:06:32 PM ==> Form: Student_Admission.aspx.cs, Method: btnSave_Click.  User: eschool
8/4/2008 6:17:29 PM ==>  Form : Login.aspx,Method  btnLogin_Click,  Userid :  eschool
8/4/2008 6:17:41 PM ==> Form : Student_Admission.aspx,Method: Page_Load. User_ID : eschool
8/4/2008 6:17:41 PM ==> Form: Student_Admission.aspx.cs, Method: Page_Load. User: eschool
8/4/2008 6:17:46 PM ==> Form : Student_Admission.aspx,Method: Page_Load. User_ID : eschool
8/4/2008 6:17:46 PM ==> Form: Student_Admission.aspx.cs, Method: Page_Load. User: eschool
8/4/2008 6:17:55 PM ==> Form : Student_Admission.aspx,Method: Page_Load. User_ID : eschool
8/4/2008 6:17:56 PM ==> Form: Student_Admission.aspx.cs, Method: Page_Load. User: eschool
8/4/2008 6:17:57 PM ==> Form: StudentRegistration.aspx.cs, Method: btnSave_Click. New Student Deepak Tiwari with ID A-10 saved. User: eschool
8/4/2008 6:17:57 PM ==> Form: Student_Admission.aspx.cs, Method: btnSave_Click.  User: eschool
